<?xml version="1.0" encoding="UTF-8"?>
<testng-results skipped="0" failed="0" total="1" passed="1">
  <reporter-output>
  </reporter-output>
  <suite name="Default suite" duration-ms="9294" started-at="2018-08-24T04:07:46Z" finished-at="2018-08-24T04:07:56Z">
    <groups>
    </groups>
    <test name="Default test" duration-ms="9294" started-at="2018-08-24T04:07:46Z" finished-at="2018-08-24T04:07:56Z">
      <class name="Runner.Test_Runner">
        <test-method status="PASS" signature="beforeTest()[pri:0, instance:Runner.Test_Runner@7946e1f4]" name="beforeTest" is-config="true" duration-ms="9260" started-at="2018-08-24T09:37:46Z" finished-at="2018-08-24T09:37:56Z">
          <reporter-output>
          </reporter-output>
        </test-method> <!-- beforeTest -->
        <test-method status="PASS" signature="test()[pri:0, instance:Runner.Test_Runner@7946e1f4]" name="test" duration-ms="15" started-at="2018-08-24T09:37:56Z" finished-at="2018-08-24T09:37:56Z">
          <reporter-output>
          </reporter-output>
        </test-method> <!-- test -->
        <test-method status="PASS" signature="afterTest()[pri:0, instance:Runner.Test_Runner@7946e1f4]" name="afterTest" is-config="true" duration-ms="1" started-at="2018-08-24T09:37:56Z" finished-at="2018-08-24T09:37:56Z">
          <reporter-output>
          </reporter-output>
        </test-method> <!-- afterTest -->
      </class> <!-- Runner.Test_Runner -->
    </test> <!-- Default test -->
  </suite> <!-- Default suite -->
</testng-results>
